2021-04-18 01:26:01,192-BrowserEngine-INFO-你已选择了【Chrome】浏览器
2021-04-18 01:26:01,193-BrowserEngine-INFO-你已选择测试地址【http://www.baidu.com】
2021-04-18 01:26:06,699-BrowserEngine-INFO-打开谷歌浏览器
2021-04-18 01:26:07,505-BrowserEngine-INFO-打开url地址【http://www.baidu.com】
2021-04-18 01:26:11,623-BrowserEngine-INFO-浏览器窗口最大化
2021-04-18 01:26:11,625-BrowserEngine-INFO-智能等待10秒 implicity_wait()
2021-04-18 01:26:11,632-BasePage-INFO-Current page title is 百度一下，你就知道
2021-04-18 01:26:13,707-BrowserEngine-INFO-你已选择了【Chrome】浏览器
2021-04-18 01:26:13,707-BrowserEngine-INFO-你已选择测试地址【http://www.baidu.com】
2021-04-18 01:26:18,754-BrowserEngine-INFO-打开谷歌浏览器
2021-04-18 01:26:19,569-BrowserEngine-INFO-打开url地址【http://www.baidu.com】
2021-04-18 01:26:23,686-BrowserEngine-INFO-浏览器窗口最大化
2021-04-18 01:26:23,687-BrowserEngine-INFO-智能等待10秒 implicity_wait()
2021-04-18 01:27:00,116-BasePage-INFO-已经获取图片并保存到了screen_shots
2021-04-18 01:27:08,556-BasePage-INFO-已经获取图片并保存到了screen_shots
2021-04-18 01:27:10,648-BrowserEngine-INFO-你已选择了【Chrome】浏览器
2021-04-18 01:27:10,648-BrowserEngine-INFO-你已选择测试地址【http://www.baidu.com】
2021-04-18 01:27:15,682-BrowserEngine-INFO-打开谷歌浏览器
2021-04-18 01:27:16,684-BrowserEngine-INFO-打开url地址【http://www.baidu.com】
2021-04-18 01:27:20,803-BrowserEngine-INFO-浏览器窗口最大化
2021-04-18 01:27:20,804-BrowserEngine-INFO-智能等待10秒 implicity_wait()
2021-04-18 01:27:20,821-BasePage-INFO-Had find the element ''sucessful by id via value:kw
2021-04-18 01:27:20,921-BasePage-INFO-Had input_send ' selenium1 ' in inputBox
2021-04-18 01:27:21,931-BasePage-INFO-css_selector 定位成功
2021-04-18 01:27:26,982-BasePage-INFO-The element '' was clicked.
2021-04-18 01:27:31,055-BrowserEngine-INFO-你已选择了【Chrome】浏览器
2021-04-18 01:27:31,055-BrowserEngine-INFO-你已选择测试地址【http://www.baidu.com】
2021-04-18 01:27:36,091-BrowserEngine-INFO-打开谷歌浏览器
2021-04-18 01:27:37,028-BrowserEngine-INFO-打开url地址【http://www.baidu.com】
2021-04-18 01:27:41,150-BrowserEngine-INFO-浏览器窗口最大化
2021-04-18 01:27:41,151-BrowserEngine-INFO-智能等待10秒 implicity_wait()
2021-04-18 01:27:41,170-BasePage-INFO-Had find the element ''sucessful by id via value:kw
2021-04-18 01:27:41,271-BasePage-INFO-Had input_send ' selenium2 ' in inputBox
2021-04-18 01:27:41,279-BasePage-INFO-css_selector 定位成功
2021-04-18 01:27:46,341-BasePage-INFO-The element '' was clicked.
2021-04-18 01:27:50,342-BasePage-INFO-Sleep for 4 seconds
2021-04-18 01:28:50,798-BasePage-INFO-已经获取图片并保存到了screen_shots
2021-04-18 01:28:50,802-BasePage-INFO-Current page title is selenium2_百度搜索
2021-04-18 01:28:50,822-BasePage-INFO-Had find the element ''sucessful by id via value:kw
2021-04-18 01:28:50,893-BasePage-INFO-Had input_send ' python ' in inputBox
2021-04-18 01:28:50,898-BasePage-INFO-css_selector 定位成功
2021-04-18 01:28:50,943-BasePage-INFO-The element '' was clicked.
2021-04-18 01:28:54,944-BasePage-INFO-Sleep for 4 seconds
